17-Oct-2023 08:31:52.942 INFORMAÇÕES [main] org.apache.catalina.startup.VersionLoggerListener.log Server version name:   Apache Tomcat/9.0.82
17-Oct-2023 08:31:53.004 INFORMAÇÕES [main] org.apache.catalina.startup.VersionLoggerListener.log Server built:          Oct 11 2023 13:15:08 UTC
17-Oct-2023 08:31:53.004 INFORMAÇÕES [main] org.apache.catalina.startup.VersionLoggerListener.log Server version number: 9.0.82.0
17-Oct-2023 08:31:53.004 INFORMAÇÕES [main] org.apache.catalina.startup.VersionLoggerListener.log OS Name:               Windows 10
17-Oct-2023 08:31:53.004 INFORMAÇÕES [main] org.apache.catalina.startup.VersionLoggerListener.log OS Version:            10.0
17-Oct-2023 08:31:53.004 INFORMAÇÕES [main] org.apache.catalina.startup.VersionLoggerListener.log Architecture:          amd64
17-Oct-2023 08:31:53.004 INFORMAÇÕES [main] org.apache.catalina.startup.VersionLoggerListener.log Java Home:             C:\Program Files\Java\jdk1.8.0_211\jre
17-Oct-2023 08:31:53.004 INFORMAÇÕES [main] org.apache.catalina.startup.VersionLoggerListener.log JVM Version:           1.8.0_211-b12
17-Oct-2023 08:31:53.004 INFORMAÇÕES [main] org.apache.catalina.startup.VersionLoggerListener.log JVM Vendor:            Oracle Corporation
17-Oct-2023 08:31:53.004 INFORMAÇÕES [main] org.apache.catalina.startup.VersionLoggerListener.log CATALINA_BASE:         D:\Users\201821250017\Downloads\apache-tomcat-9.0.82
17-Oct-2023 08:31:53.004 INFORMAÇÕES [main] org.apache.catalina.startup.VersionLoggerListener.log CATALINA_HOME:         D:\Users\201821250017\Downloads\apache-tomcat-9.0.82
17-Oct-2023 08:31:53.036 INFORMAÇÕES [main] org.apache.catalina.startup.VersionLoggerListener.log Command line argument: -Djava.util.logging.config.file=D:\Users\201821250017\Downloads\apache-tomcat-9.0.82\conf\logging.properties
17-Oct-2023 08:31:53.036 INFORMAÇÕES [main] org.apache.catalina.startup.VersionLoggerListener.log Command line argument: -Djava.util.logging.manager=org.apache.juli.ClassLoaderLogManager
17-Oct-2023 08:31:53.036 INFORMAÇÕES [main] org.apache.catalina.startup.VersionLoggerListener.log Command line argument: -Djdk.tls.ephemeralDHKeySize=2048
17-Oct-2023 08:31:53.036 INFORMAÇÕES [main] org.apache.catalina.startup.VersionLoggerListener.log Command line argument: -Djava.protocol.handler.pkgs=org.apache.catalina.webresources
17-Oct-2023 08:31:53.036 INFORMAÇÕES [main] org.apache.catalina.startup.VersionLoggerListener.log Command line argument: -Dignore.endorsed.dirs=
17-Oct-2023 08:31:53.036 INFORMAÇÕES [main] org.apache.catalina.startup.VersionLoggerListener.log Command line argument: -Dcatalina.base=D:\Users\201821250017\Downloads\apache-tomcat-9.0.82
17-Oct-2023 08:31:53.036 INFORMAÇÕES [main] org.apache.catalina.startup.VersionLoggerListener.log Command line argument: -Dcatalina.home=D:\Users\201821250017\Downloads\apache-tomcat-9.0.82
17-Oct-2023 08:31:53.036 INFORMAÇÕES [main] org.apache.catalina.startup.VersionLoggerListener.log Command line argument: -Djava.io.tmpdir=D:\Users\201821250017\Downloads\apache-tomcat-9.0.82\temp
17-Oct-2023 08:31:53.051 INFORMAÇÕES [main] org.apache.catalina.core.AprLifecycleListener.lifecycleEvent The Apache Tomcat Native library which allows using OpenSSL was not found on the java.library.path: [C:\Program Files\Java\jdk1.8.0_211\bin;C:\Windows\Sun\Java\bin;C:\Windows\system32;C:\Windows;C:\Python310\Scripts\;C:\Python310\;C:\Program Files\Common Files\Oracle\Java\javapath;C:\Windows\system32;C:\Windows;C:\Windows\System32\Wbem;C:\Windows\System32\WindowsPowerShell\v1.0\;C:\Windows\System32\OpenSSH\;C:\ProgramData\chocolatey\bin;C:\Program Files\Git\cmd;C:\Program Files\Java\jdk1.8.0_211\bin;C:\Program Files\nodejs\;C:\Program Files\PostgreSQL\14\bin;C:\tools\php81;C:\ProgramData\ComposerSetup\bin;C:\Program Files\Microsoft VS Code\bin;C:\tools\mysql\current\bin;C:\tools\mysql\mysql-8.0.27-winx64\bin;D:\Users\201821250017\AppData\Local\Microsoft\WindowsApps;;.]
17-Oct-2023 08:31:54.067 INFORMAÇÕES [main] org.apache.coyote.AbstractProtocol.init Initializing ProtocolHandler ["http-nio-8080"]
17-Oct-2023 08:31:54.114 INFORMAÇÕES [main] org.apache.catalina.startup.Catalina.load Server initialization in [1547] milliseconds
17-Oct-2023 08:31:54.207 INFORMAÇÕES [main] org.apache.catalina.core.StandardService.startInternal Starting service [Catalina]
17-Oct-2023 08:31:54.207 INFORMAÇÕES [main] org.apache.catalina.core.StandardEngine.startInternal Starting Servlet engine: [Apache Tomcat/9.0.82]
17-Oct-2023 08:31:54.254 INFORMAÇÕES [main] org.apache.catalina.startup.HostConfig.deployWAR Deploying web application archive [D:\Users\201821250017\Downloads\apache-tomcat-9.0.82\webapps\gerenciador.war]
17-Oct-2023 08:31:55.207 ADVERTÊNCIA [main] org.apache.catalina.util.SessionIdGeneratorBase.createSecureRandom Creation of SecureRandom instance for session ID generation using [SHA1PRNG] took [141] milliseconds.
17-Oct-2023 08:31:55.239 INFORMAÇÕES [main] org.apache.catalina.startup.HostConfig.deployWAR Deployment of web application archive [D:\Users\201821250017\Downloads\apache-tomcat-9.0.82\webapps\gerenciador.war] has finished in [985] ms
17-Oct-2023 08:31:55.239 INFORMAÇÕES [main] org.apache.catalina.startup.HostConfig.deployDirectory Diretório de instalação da aplicação web [D:\Users\201821250017\Downloads\apache-tomcat-9.0.82\webapps\docs]
17-Oct-2023 08:31:55.286 INFORMAÇÕES [main] org.apache.catalina.startup.HostConfig.deployDirectory Deployment of web application directory [D:\Users\201821250017\Downloads\apache-tomcat-9.0.82\webapps\docs] has finished in [47] ms
17-Oct-2023 08:31:55.286 INFORMAÇÕES [main] org.apache.catalina.startup.HostConfig.deployDirectory Diretório de instalação da aplicação web [D:\Users\201821250017\Downloads\apache-tomcat-9.0.82\webapps\examples]
17-Oct-2023 08:31:56.036 INFORMAÇÕES [main] org.apache.catalina.startup.HostConfig.deployDirectory Deployment of web application directory [D:\Users\201821250017\Downloads\apache-tomcat-9.0.82\webapps\examples] has finished in [750] ms
17-Oct-2023 08:31:56.036 INFORMAÇÕES [main] org.apache.catalina.startup.HostConfig.deployDirectory Diretório de instalação da aplicação web [D:\Users\201821250017\Downloads\apache-tomcat-9.0.82\webapps\host-manager]
17-Oct-2023 08:31:56.098 INFORMAÇÕES [main] org.apache.catalina.startup.HostConfig.deployDirectory Deployment of web application directory [D:\Users\201821250017\Downloads\apache-tomcat-9.0.82\webapps\host-manager] has finished in [62] ms
17-Oct-2023 08:31:56.098 INFORMAÇÕES [main] org.apache.catalina.startup.HostConfig.deployDirectory Diretório de instalação da aplicação web [D:\Users\201821250017\Downloads\apache-tomcat-9.0.82\webapps\manager]
17-Oct-2023 08:31:56.192 INFORMAÇÕES [main] org.apache.catalina.startup.HostConfig.deployDirectory Deployment of web application directory [D:\Users\201821250017\Downloads\apache-tomcat-9.0.82\webapps\manager] has finished in [94] ms
17-Oct-2023 08:31:56.192 INFORMAÇÕES [main] org.apache.catalina.startup.HostConfig.deployDirectory Diretório de instalação da aplicação web [D:\Users\201821250017\Downloads\apache-tomcat-9.0.82\webapps\ROOT]
17-Oct-2023 08:31:56.223 INFORMAÇÕES [main] org.apache.catalina.startup.HostConfig.deployDirectory Deployment of web application directory [D:\Users\201821250017\Downloads\apache-tomcat-9.0.82\webapps\ROOT] has finished in [31] ms
17-Oct-2023 08:31:56.239 INFORMAÇÕES [main] org.apache.coyote.AbstractProtocol.start Starting ProtocolHandler ["http-nio-8080"]
17-Oct-2023 08:31:56.317 INFORMAÇÕES [main] org.apache.catalina.startup.Catalina.start Server startup in [2204] milliseconds
17-Oct-2023 08:44:48.572 INFORMAÇÕES [Thread-2] org.apache.coyote.AbstractProtocol.pause Pausing ProtocolHandler ["http-nio-8080"]
17-Oct-2023 08:44:48.728 INFORMAÇÕES [Thread-2] org.apache.catalina.core.StandardService.stopInternal Stopping service [Catalina]
17-Oct-2023 08:44:48.791 INFORMAÇÕES [Thread-2] org.apache.coyote.AbstractProtocol.stop Stopping ProtocolHandler ["http-nio-8080"]
17-Oct-2023 08:44:48.807 INFORMAÇÕES [Thread-2] org.apache.coyote.AbstractProtocol.destroy Destroying ProtocolHandler ["http-nio-8080"]
